#
# A fatal error has been detected by the Java Runtime Environment:
#
#  SIGSEGV (0xb) at pc=0x00007f04d564de01, pid=10529, tid=0x00007f04d0ec0700
#
# JRE version: Java(TM) SE Runtime Environment (8.0_101-b13) (build 1.8.0_101-b13)
# Java VM: Java HotSpot(TM) 64-Bit Server VM (25.101-b13 mixed mode linux-amd64 compressed oops)
# Problematic frame:
# J 1900 C1 com.android.dx.dex.code.LocalList$MakeState.snapshot(ILcom/android/dx/rop/code/RegisterSpecSet;)V (110 bytes) @ 0x00007f04d564de01 [0x00007f04d564dce0+0x121]
#
# Failed to write core dump. Core dumps have been disabled. To enable core dumping, try "ulimit -c unlimited" before starting Java again
#
# If you would like to submit a bug report, please visit:
#   http://bugreport.java.com/bugreport/crash.jsp
#

---------------  T H R E A D  ---------------

Current thread (0x00007f04e4135800):  JavaThread "pool-1-thread-1" [_thread_in_Java, id=10679, stack(0x00007f04d0dc0000,0x00007f04d0ec1000)]

siginfo: si_signo: 11 (SIGSEGV), si_code: 1 (SEGV_MAPERR), si_addr: 0x0000000010000010

Registers:
RAX=0x0000000000000000, RBX=0x0000000000000008, RCX=0x00000000f0fc0878, RDX=0x00000000000153c0
RSP=0x00007f04d0ebf0e0, RBP=0x00007f04d0ebf220, RSI=0x00000000f000b2b0, RDI=0x0000000000000006
R8 =0x0000000010000000, R9 =0x0000000000000006, R10=0x00007f04ebd27ca0, R11=0x00007f04d564dd00
R12=0x0000000000000000, R13=0x00007f04d0ebf1c8, R14=0x0000000000000000, R15=0x00007f04e4135800
RIP=0x00007f04d564de01, EFLAGS=0x0000000000010206, CSGSFS=0x0000000000000033, ERR=0x0000000000000004
  TRAPNO=0x000000000000000e

Top of Stack: (sp=0x00007f04d0ebf0e0)
0x00007f04d0ebf0e0:   00007f04e8aeea58 00007f04e4135800
0x00007f04d0ebf0f0:   00007f04e4135800 00007f04d0ebf258
0x00007f04d0ebf100:   00007f04d0ebf1d0 0000000000000000
0x00007f04d0ebf110:   00007f04d5646ce0 00007f04ebd27ca0
0x00007f04d0ebf120:   0000000000000007 0000000000000000
0x00007f04d0ebf130:   00007f04e8aeb830 00000000f0000800
0x00007f04d0ebf140:   00007f04d0ebf170 00007f04d0ebf170
0x00007f04d0ebf150:   0000000000000000 0000000000000b9f
0x00007f04d0ebf160:   0000071300000008 00000000f000b2b0
0x00007f04d0ebf170:   00000000f0fc0878 0000000000000000
0x00007f04d0ebf180:   0000000000000000 00007f0400000006
0x00007f04d0ebf190:   00007f04e8af0f68 0000000000000000
0x00007f04d0ebf1a0:   00007f04e8af0020 0000000000000000
0x00007f04d0ebf1b0:   00007f04d0ebf220 00007f04d50082bd
0x00007f04d0ebf1c0:   00007f04d50082bd 00000000f0fc0878
0x00007f04d0ebf1d0:   0000000000000713 00000000f000b2b0
0x00007f04d0ebf1e0:   00007f04d0ebf1e0 00007f04e8aee9ae
0x00007f04d0ebf1f0:   00007f04d0ebf258 00007f04e8aeefb0
0x00007f04d0ebf200:   0000000000000000 00007f04e8aeea58
0x00007f04d0ebf210:   00007f04d0ebf1c8 00007f04d0ebf258
0x00007f04d0ebf220:   00007f04d0ebf2a8 00007f04d5008040
0x00007f04d0ebf230:   00000000f0fc0878 00000000f0fc0858
0x00007f04d0ebf240:   0000000000000c56 00000000f000b2b0
0x00007f04d0ebf250:   00000000000013f5 00000000f0000800
0x00007f04d0ebf260:   00000000f0f9c640 00007f04d0ebf268
0x00007f04d0ebf270:   00007f04e8a3eb4f 00007f04d0ebf2b8
0x00007f04d0ebf280:   00007f04e8a3f2d8 0000000000000000
0x00007f04d0ebf290:   00007f04e8a3eb88 00007f04d0ebf258
0x00007f04d0ebf2a0:   00007f04d0ebf2b8 00007f04d0ebf300
0x00007f04d0ebf2b0:   00007f04d50082bd 00000000f0f9c640
0x00007f04d0ebf2c0:   00007f04d0ebf2c0 00007f04e8a3f051
0x00007f04d0ebf2d0:   00007f04d0ebf310 00007f04e8a3f2d8 

Instructions: (pc=0x00007f04d564de01)
0x00007f04d564dde1:   85 14 00 00 00 4c 89 84 24 98 00 00 00 89 bc 24
0x00007f04d564ddf1:   a8 00 00 00 e9 3d 00 00 00 89 bc 24 a8 00 00 00
0x00007f04d564de01:   45 8b 48 10 49 8b f1 4c 89 84 24 98 00 00 00 90
0x00007f04d564de11:   90 90 90 90 48 b8 40 bf 06 00 01 00 00 00 e8 bc 

Register to memory mapping:

RAX=0x0000000000000000 is an unknown value
RBX=0x0000000000000008 is an unknown value
RCX=0x00000000f0fc0878 is an oop
com.android.dx.rop.code.RegisterSpecSet 
 - klass: 'com/android/dx/rop/code/RegisterSpecSet'
RDX=0x00000000000153c0 is an unknown value
RSP=0x00007f04d0ebf0e0 is pointing into the stack for thread: 0x00007f04e4135800
RBP=0x00007f04d0ebf220 is pointing into the stack for thread: 0x00007f04e4135800
RSI=0x00000000f000b2b0 is an oop
com.android.dx.dex.code.LocalList$MakeState 
 - klass: 'com/android/dx/dex/code/LocalList$MakeState'
RDI=0x0000000000000006 is an unknown value
R8 =0x0000000010000000 is an unknown value
R9 =0x0000000000000006 is an unknown value
R10=0x00007f04ebd27ca0: <offset 0xfc3ca0> in /usr/lib/jvm/java-8-oracle/jre/lib/amd64/server/libjvm.so at 0x00007f04ead64000
R11=0x00007f04d564dd00 is at entry_point+32 in (nmethod*)0x00007f04d564dad0
R12=0x0000000000000000 is an unknown value
R13=0x00007f04d0ebf1c8 is pointing into the stack for thread: 0x00007f04e4135800
R14=0x0000000000000000 is an unknown value
R15=0x00007f04e4135800 is a thread


Stack: [0x00007f04d0dc0000,0x00007f04d0ec1000],  sp=0x00007f04d0ebf0e0,  free space=1020k
Native frames: (J=compiled Java code, j=interpreted, Vv=VM code, C=native code)
J 1900 C1 com.android.dx.dex.code.LocalList$MakeState.snapshot(ILcom/android/dx/rop/code/RegisterSpecSet;)V (110 bytes) @ 0x00007f04d564de01 [0x00007f04d564dce0+0x121]
j  com.android.dx.dex.code.LocalList.make(Lcom/android/dx/dex/code/DalvInsnList;)Lcom/android/dx/dex/code/LocalList;+54
j  com.android.dx.dex.code.DalvCode.finishProcessingIfNecessary()V+39
j  com.android.dx.dex.code.DalvCode.getInsns()Lcom/android/dx/dex/code/DalvInsnList;+1
j  com.android.dx.dex.file.CodeItem.place0(Lcom/android/dx/dex/file/Section;I)V+55
j  com.android.dx.dex.file.OffsettedItem.place(Lcom/android/dx/dex/file/Section;I)I+73
j  com.android.dx.dex.file.MixedItemSection.placeItems()V+94
j  com.android.dx.dex.file.DexFile.toDex0(ZZ)Lcom/android/dx/util/ByteArrayAnnotatedOutput;+195
j  com.android.dx.dex.file.DexFile.toDex(Ljava/io/Writer;Z)[B+13
j  com.android.dx.command.dexer.Main.writeDex(Lcom/android/dx/dex/file/DexFile;)[B+44
j  com.android.dx.command.dexer.Main.access$3000(Lcom/android/dx/dex/file/DexFile;)[B+1
j  com.android.dx.command.dexer.Main$DexWriter.call()[B+4
j  com.android.dx.command.dexer.Main$DexWriter.call()Ljava/lang/Object;+1
J 1749 C1 java.util.concurrent.FutureTask.run()V (126 bytes) @ 0x00007f04d55fb19c [0x00007f04d55fb0c0+0xdc]
j  java.util.concurrent.ThreadPoolExecutor.runWorker(Ljava/util/concurrent/ThreadPoolExecutor$Worker;)V+95
j  java.util.concurrent.ThreadPoolExecutor$Worker.run()V+5
j  java.lang.Thread.run()V+11
v  ~StubRoutines::call_stub
V  [libjvm.so+0x68f6b6]  JavaCalls::call_helper(JavaValue*, methodHandle*, JavaCallArguments*, Thread*)+0x1056
V  [libjvm.so+0x68fbc1]  JavaCalls::call_virtual(JavaValue*, KlassHandle, Symbol*, Symbol*, JavaCallArguments*, Thread*)+0x321
V  [libjvm.so+0x690067]  JavaCalls::call_virtual(JavaValue*, Handle, KlassHandle, Symbol*, Symbol*, Thread*)+0x47
V  [libjvm.so+0x726fc0]  thread_entry(JavaThread*, Thread*)+0xa0
V  [libjvm.so+0xa7343f]  JavaThread::thread_main_inner()+0xdf
V  [libjvm.so+0xa7356c]  JavaThread::run()+0x11c
V  [libjvm.so+0x924698]  java_start(Thread*)+0x108
C  [libpthread.so.0+0x76fa]  start_thread+0xca


---------------  P R O C E S S  ---------------

Java Threads: ( => current thread )
=>0x00007f04e4135800 JavaThread "pool-1-thread-1" [_thread_in_Java, id=10679, stack(0x00007f04d0dc0000,0x00007f04d0ec1000)]
  0x00007f04e40c1000 JavaThread "Service Thread" daemon [_thread_blocked, id=10552, stack(0x00007f04d10c8000,0x00007f04d11c9000)]
  0x00007f04e40be000 JavaThread "C1 CompilerThread2" daemon [_thread_blocked, id=10551, stack(0x00007f04d11c9000,0x00007f04d12ca000)]
  0x00007f04e40bc800 JavaThread "C2 CompilerThread1" daemon [_thread_in_native, id=10550, stack(0x00007f04d12ca000,0x00007f04d13cb000)]
  0x00007f04e40b9800 JavaThread "C2 CompilerThread0" daemon [_thread_in_native, id=10549, stack(0x00007f04d13cb000,0x00007f04d14cc000)]
  0x00007f04e40b8000 JavaThread "Signal Dispatcher" daemon [_thread_blocked, id=10548, stack(0x00007f04d14cc000,0x00007f04d15cd000)]
  0x00007f04e4084000 JavaThread "Finalizer" daemon [_thread_blocked, id=10542, stack(0x00007f04d1f8d000,0x00007f04d208e000)]
  0x00007f04e407f800 JavaThread "Reference Handler" daemon [_thread_blocked, id=10540, stack(0x00007f04d208e000,0x00007f04d218f000)]
  0x00007f04e400a000 JavaThread "main" [_thread_blocked, id=10531, stack(0x00007f04ec84e000,0x00007f04ec94f000)]

Other Threads:
  0x00007f04e4078000 VMThread [stack: 0x00007f04d218f000,0x00007f04d2290000] [id=10539]
  0x00007f04e40c4000 WatcherThread [stack: 0x00007f04d0fc7000,0x00007f04d10c8000] [id=10553]

VM state:not at safepoint (normal execution)

VM Mutex/Monitor currently owned by a thread: None

Heap:
 PSYoungGen      total 99840K, used 90756K [0x00000000eab00000, 0x00000000f1000000, 0x0000000100000000)
  eden space 96256K, 90% used [0x00000000eab00000,0x00000000f0021438,0x00000000f0900000)
  from space 3584K, 99% used [0x00000000f0c80000,0x00000000f0fffd70,0x00000000f1000000)
  to   space 3584K, 0% used [0x00000000f0900000,0x00000000f0900000,0x00000000f0c80000)
 ParOldGen       total 62976K, used 20345K [0x00000000c0000000, 0x00000000c3d80000, 0x00000000eab00000)
  object space 62976K, 32% used [0x00000000c0000000,0x00000000c13de428,0x00000000c3d80000)
 Metaspace       used 6388K, capacity 7256K, committed 7424K, reserved 1056768K
  class space    used 627K, capacity 656K, committed 768K, reserved 1048576K

Card table byte_map: [0x00007f04e93fc000,0x00007f04e95fd000] byte_map_base: 0x00007f04e8dfc000

Marking Bits: (ParMarkBitMap*) 0x00007f04ebd25120
 Begin Bits: [0x00007f04d3000000, 0x00007f04d4000000)
 End Bits:   [0x00007f04d4000000, 0x00007f04d5000000)

Polling page: 0x00007f04ec974000

CodeCache: size=245760Kb used=6635Kb max_used=6635Kb free=239124Kb
 bounds [0x00007f04d5000000, 0x00007f04d5680000, 0x00007f04e4000000]
 total_blobs=2016 nmethods=1747 adapters=182
 compilation: enabled

Compilation events (10 events):
Event: 7,262 Thread 0x00007f04e40be000 1965       2       com.android.dx.dex.code.OutputFinisher::calculateReservedCount (122 bytes)
Event: 7,263 Thread 0x00007f04e40be000 nmethod 1965 0x00007f04d5677fd0 code [0x00007f04d56781a0, 0x00007f04d5678698]
Event: 7,266 Thread 0x00007f04e40be000 1969 %     3       com.android.dx.dex.code.OutputFinisher::align64bits @ 44 (247 bytes)
Event: 7,268 Thread 0x00007f04e40be000 nmethod 1969% 0x00007f04d5678d10 code [0x00007f04d5678fe0, 0x00007f04d567a978]
Event: 7,268 Thread 0x00007f04e40be000 1966       2       com.android.dx.dex.code.form.Form11n::isCompatible (89 bytes)
Event: 7,269 Thread 0x00007f04e40be000 nmethod 1966 0x00007f04d56777d0 code [0x00007f04d5677980, 0x00007f04d5677d48]
Event: 7,269 Thread 0x00007f04e40be000 1967       2       com.android.dx.dex.code.InsnFormat::signedFitsInNibble (18 bytes)
Event: 7,269 Thread 0x00007f04e40be000 nmethod 1967 0x00007f04d56708d0 code [0x00007f04d5670a20, 0x00007f04d5670b70]
Event: 7,269 Thread 0x00007f04e40be000 1968       2       com.android.dx.dex.code.form.Form21s::isCompatible (89 bytes)
Event: 7,270 Thread 0x00007f04e40be000 nmethod 1968 0x00007f04d5670110 code [0x00007f04d56702c0, 0x00007f04d5670668]

GC Heap History (8 events):
Event: 2,073 GC heap before
{Heap before GC invocations=1 (full 0):
 PSYoungGen      total 27648K, used 24064K [0x00000000eab00000, 0x00000000ec980000, 0x0000000100000000)
  eden space 24064K, 100% used [0x00000000eab00000,0x00000000ec280000,0x00000000ec280000)
  from space 3584K, 0% used [0x00000000ec600000,0x00000000ec600000,0x00000000ec980000)
  to   space 3584K, 0% used [0x00000000ec280000,0x00000000ec280000,0x00000000ec600000)
 ParOldGen       total 62976K, used 0K [0x00000000c0000000, 0x00000000c3d80000, 0x00000000eab00000)
  object space 62976K, 0% used [0x00000000c0000000,0x00000000c0000000,0x00000000c3d80000)
 Metaspace       used 5660K, capacity 6704K, committed 6784K, reserved 1056768K
  class space    used 586K, capacity 616K, committed 640K, reserved 1048576K
Event: 2,098 GC heap after
Heap after GC invocations=1 (full 0):
 PSYoungGen      total 27648K, used 3578K [0x00000000eab00000, 0x00000000ee100000, 0x0000000100000000)
  eden space 24064K, 0% used [0x00000000eab00000,0x00000000eab00000,0x00000000ec280000)
  from space 3584K, 99% used [0x00000000ec280000,0x00000000ec5feaa0,0x00000000ec600000)
  to   space 3584K, 0% used [0x00000000edd80000,0x00000000edd80000,0x00000000ee100000)
 ParOldGen       total 62976K, used 2020K [0x00000000c0000000, 0x00000000c3d80000, 0x00000000eab00000)
  object space 62976K, 3% used [0x00000000c0000000,0x00000000c01f9328,0x00000000c3d80000)
 Metaspace       used 5660K, capacity 6704K, committed 6784K, reserved 1056768K
  class space    used 586K, capacity 616K, committed 640K, reserved 1048576K
}
Event: 2,755 GC heap before
{Heap before GC invocations=2 (full 0):
 PSYoungGen      total 27648K, used 27642K [0x00000000eab00000, 0x00000000ee100000, 0x0000000100000000)
  eden space 24064K, 100% used [0x00000000eab00000,0x00000000ec280000,0x00000000ec280000)
  from space 3584K, 99% used [0x00000000ec280000,0x00000000ec5feaa0,0x00000000ec600000)
  to   space 3584K, 0% used [0x00000000edd80000,0x00000000edd80000,0x00000000ee100000)
 ParOldGen       total 62976K, used 2020K [0x00000000c0000000, 0x00000000c3d80000, 0x00000000eab00000)
  object space 62976K, 3% used [0x00000000c0000000,0x00000000c01f9328,0x00000000c3d80000)
 Metaspace       used 5739K, capacity 6768K, committed 7040K, reserved 1056768K
  class space    used 586K, capacity 616K, committed 640K, reserved 1048576K
Event: 2,798 GC heap after
Heap after GC invocations=2 (full 0):
 PSYoungGen      total 51712K, used 3575K [0x00000000eab00000, 0x00000000ee100000, 0x0000000100000000)
  eden space 48128K, 0% used [0x00000000eab00000,0x00000000eab00000,0x00000000eda00000)
  from space 3584K, 99% used [0x00000000edd80000,0x00000000ee0fdeb8,0x00000000ee100000)
  to   space 3584K, 0% used [0x00000000eda00000,0x00000000eda00000,0x00000000edd80000)
 ParOldGen       total 62976K, used 6273K [0x00000000c0000000, 0x00000000c3d80000, 0x00000000eab00000)
  object space 62976K, 9% used [0x00000000c0000000,0x00000000c06205a8,0x00000000c3d80000)
 Metaspace       used 5739K, capacity 6768K, committed 7040K, reserved 1056768K
  class space    used 586K, capacity 616K, committed 640K, reserved 1048576K
}
Event: 4,074 GC heap before
{Heap before GC invocations=3 (full 0):
 PSYoungGen      total 51712K, used 51703K [0x00000000eab00000, 0x00000000ee100000, 0x0000000100000000)
  eden space 48128K, 100% used [0x00000000eab00000,0x00000000eda00000,0x00000000eda00000)
  from space 3584K, 99% used [0x00000000edd80000,0x00000000ee0fdeb8,0x00000000ee100000)
  to   space 3584K, 0% used [0x00000000eda00000,0x00000000eda00000,0x00000000edd80000)
 ParOldGen       total 62976K, used 6273K [0x00000000c0000000, 0x00000000c3d80000, 0x00000000eab00000)
  object space 62976K, 9% used [0x00000000c0000000,0x00000000c06205a8,0x00000000c3d80000)
 Metaspace       used 5932K, capacity 6872K, committed 7168K, reserved 1056768K
  class space    used 607K, capacity 656K, committed 768K, reserved 1048576K
Event: 4,176 GC heap after
Heap after GC invocations=3 (full 0):
 PSYoungGen      total 51712K, used 3576K [0x00000000eab00000, 0x00000000f1000000, 0x0000000100000000)
  eden space 48128K, 0% used [0x00000000eab00000,0x00000000eab00000,0x00000000eda00000)
  from space 3584K, 99% used [0x00000000eda00000,0x00000000edd7e210,0x00000000edd80000)
  to   space 3584K, 0% used [0x00000000f0c80000,0x00000000f0c80000,0x00000000f1000000)
 ParOldGen       total 62976K, used 13241K [0x00000000c0000000, 0x00000000c3d80000, 0x00000000eab00000)
  object space 62976K, 21% used [0x00000000c0000000,0x00000000c0cee738,0x00000000c3d80000)
 Metaspace       used 5932K, capacity 6872K, committed 7168K, reserved 1056768K
  class space    used 607K, capacity 656K, committed 768K, reserved 1048576K
}
Event: 5,133 GC heap before
{Heap before GC invocations=4 (full 0):
 PSYoungGen      total 51712K, used 51704K [0x00000000eab00000, 0x00000000f1000000, 0x0000000100000000)
  eden space 48128K, 100% used [0x00000000eab00000,0x00000000eda00000,0x00000000eda00000)
  from space 3584K, 99% used [0x00000000eda00000,0x00000000edd7e210,0x00000000edd80000)
  to   space 3584K, 0% used [0x00000000f0c80000,0x00000000f0c80000,0x00000000f1000000)
 ParOldGen       total 62976K, used 13241K [0x00000000c0000000, 0x00000000c3d80000, 0x00000000eab00000)
  object space 62976K, 21% used [0x00000000c0000000,0x00000000c0cee738,0x00000000c3d80000)
 Metaspace       used 5988K, capacity 6936K, committed 7168K, reserved 1056768K
  class space    used 607K, capacity 656K, committed 768K, reserved 1048576K
Event: 5,232 GC heap after
Heap after GC invocations=4 (full 0):
 PSYoungGen      total 99840K, used 3583K [0x00000000eab00000, 0x00000000f1000000, 0x0000000100000000)
  eden space 96256K, 0% used [0x00000000eab00000,0x00000000eab00000,0x00000000f0900000)
  from space 3584K, 99% used [0x00000000f0c80000,0x00000000f0fffd70,0x00000000f1000000)
  to   space 3584K, 0% used [0x00000000f0900000,0x00000000f0900000,0x00000000f0c80000)
 ParOldGen       total 62976K, used 20345K [0x00000000c0000000, 0x00000000c3d80000, 0x00000000eab00000)
  object space 62976K, 32% used [0x00000000c0000000,0x00000000c13de428,0x00000000c3d80000)
 Metaspace       used 5988K, capacity 6936K, committed 7168K, reserved 1056768K
  class space    used 607K, capacity 656K, committed 768K, reserved 1048576K
}

Deoptimization events (10 events):
Event: 2,415 Thread 0x00007f04e4135800 Uncommon trap: reason=null_check action=make_not_entrant pc=0x00007f04d52a0fc8 method=com.android.dx.ssa.SsaRenamer.getLocalForNewReg(I)Lcom/android/dx/rop/code/LocalItem; @ 19
Event: 2,415 Thread 0x00007f04e4135800 Uncommon trap: reason=null_check action=make_not_entrant pc=0x00007f04d52ea1dc method=com.android.dx.ssa.SsaRenamer.getLocalForNewReg(I)Lcom/android/dx/rop/code/LocalItem; @ 19
Event: 2,417 Thread 0x00007f04e4135800 Uncommon trap: reason=bimorphic action=maybe_recompile pc=0x00007f04d520eb20 method=java.util.HashMap.getNode(ILjava/lang/Object;)Ljava/util/HashMap$Node; @ 126
Event: 2,605 Thread 0x00007f04e413b800 Uncommon trap: reason=bimorphic action=maybe_recompile pc=0x00007f04d520eb20 method=java.util.HashMap.getNode(ILjava/lang/Object;)Ljava/util/HashMap$Node; @ 126
Event: 2,942 Thread 0x00007f04e4139800 Uncommon trap: reason=unstable_if action=reinterpret pc=0x00007f04d533abb4 method=java.util.HashMap.getNode(ILjava/lang/Object;)Ljava/util/HashMap$Node; @ 84
Event: 5,101 Thread 0x00007f04e413d000 Uncommon trap: reason=unstable_if action=reinterpret pc=0x00007f04d54a9a48 method=java.util.HashMap.getNode(ILjava/lang/Object;)Ljava/util/HashMap$Node; @ 84
Event: 7,051 Thread 0x00007f04e4135800 Uncommon trap: reason=class_check action=maybe_recompile pc=0x00007f04d54bbbf4 method=java.util.Arrays.equals([Ljava/lang/Object;[Ljava/lang/Object;)Z @ 62
Event: 7,051 Thread 0x00007f04e4135800 Uncommon trap: reason=class_check action=maybe_recompile pc=0x00007f04d54bbbf4 method=java.util.Arrays.equals([Ljava/lang/Object;[Ljava/lang/Object;)Z @ 62
Event: 7,051 Thread 0x00007f04e4135800 Uncommon trap: reason=class_check action=maybe_recompile pc=0x00007f04d54bbbf4 method=java.util.Arrays.equals([Ljava/lang/Object;[Ljava/lang/Object;)Z @ 62
Event: 7,052 Thread 0x00007f04e4135800 Uncommon trap: reason=unstable_if action=reinterpret pc=0x00007f04d54bbc30 method=java.util.Arrays.equals([Ljava/lang/Object;[Ljava/lang/Object;)Z @ 23

Internal exceptions (7 events):
Event: 0,065 Thread 0x00007f04e400a000 Exception <a 'java/lang/NoSuchMethodError': Method sun.misc.Unsafe.defineClass(Ljava/lang/String;[BII)Ljava/lang/Class; name or signature does not match> (0x00000000eab07cc0) thrown at [/HUDSON3/workspace/8-2-build-linux-amd64/jdk8u101/7261/hotspot/src/sh
Event: 0,065 Thread 0x00007f04e400a000 Exception <a 'java/lang/NoSuchMethodError': Method sun.misc.Unsafe.prefetchRead(Ljava/lang/Object;J)V name or signature does not match> (0x00000000eab07fa8) thrown at [/HUDSON3/workspace/8-2-build-linux-amd64/jdk8u101/7261/hotspot/src/share/vm/prims/jni.c
Event: 2,414 Thread 0x00007f04e4135800 Implicit null exception at 0x00007f04d529e799 to 0x00007f04d52a0f7d
Event: 2,415 Thread 0x00007f04e4135800 Implicit null exception at 0x00007f04d52e7949 to 0x00007f04d52ea1b9
Event: 2,881 Thread 0x00007f04e4139800 Exception <a 'java/lang/ArrayIndexOutOfBoundsException': 18> (0x00000000eafd05a0) thrown at [/HUDSON3/workspace/8-2-build-linux-amd64/jdk8u101/7261/hotspot/src/share/vm/interpreter/interpreterRuntime.cpp, line 366]
Event: 2,890 Thread 0x00007f04e4139800 Exception <a 'java/lang/ArrayIndexOutOfBoundsException': 145> (0x00000000eafd2120) thrown at [/HUDSON3/workspace/8-2-build-linux-amd64/jdk8u101/7261/hotspot/src/share/vm/interpreter/interpreterRuntime.cpp, line 366]
Event: 2,892 Thread 0x00007f04e4139800 Exception <a 'java/lang/ArrayIndexOutOfBoundsException': 40> (0x00000000eafd3408) thrown at [/HUDSON3/workspace/8-2-build-linux-amd64/jdk8u101/7261/hotspot/src/share/vm/interpreter/interpreterRuntime.cpp, line 366]

Events (10 events):
Event: 7,052 Thread 0x00007f04e4135800 DEOPT UNPACKING pc=0x00007f04d5005229 sp=0x00007f04d0ebef40 mode 2
Event: 7,052 Thread 0x00007f04e4135800 Uncommon trap: trap_request=0xffffff65 fr.pc=0x00007f04d54bbc30
Event: 7,052 Thread 0x00007f04e4135800 DEOPT PACKING pc=0x00007f04d54bbc30 sp=0x00007f04d0ebef90
Event: 7,052 Thread 0x00007f04e4135800 DEOPT UNPACKING pc=0x00007f04d5005229 sp=0x00007f04d0ebef40 mode 2
Event: 7,052 loading class com/android/dx/dex/code/CatchTable$Entry
Event: 7,052 loading class com/android/dx/dex/code/CatchTable$Entry done
Event: 7,052 loading class com/android/dx/util/ByteArrayAnnotatedOutput
Event: 7,052 loading class com/android/dx/util/ByteArrayAnnotatedOutput done
Event: 7,107 loading class com/android/dx/rop/code/RegisterSpecList$Expander
Event: 7,107 loading class com/android/dx/rop/code/RegisterSpecList$Expander done


Dynamic libraries:
00400000-00401000 r-xp 00000000 08:06 4991853                            /usr/lib/jvm/java-8-oracle/bin/java
00600000-00601000 rw-p 00000000 08:06 4991853                            /usr/lib/jvm/java-8-oracle/bin/java
01c03000-01c24000 rw-p 00000000 00:00 0                                  [heap]
c0000000-c3d80000 rw-p 00000000 00:00 0 
c3d80000-eab00000 ---p 00000000 00:00 0 
eab00000-f1000000 rw-p 00000000 00:00 0 
f1000000-100000000 ---p 00000000 00:00 0 
100000000-1000c0000 rw-p 00000000 00:00 0 
1000c0000-140000000 ---p 00000000 00:00 0 
7f0484000000-7f048403a000 rw-p 00000000 00:00 0 
7f048403a000-7f0488000000 ---p 00000000 00:00 0 
7f048c000000-7f048c02e000 rw-p 00000000 00:00 0 
7f048c02e000-7f0490000000 ---p 00000000 00:00 0 
7f0490000000-7f0490021000 rw-p 00000000 00:00 0 
7f0490021000-7f0494000000 ---p 00000000 00:00 0 
7f0494000000-7f0494021000 rw-p 00000000 00:00 0 
7f0494021000-7f0498000000 ---p 00000000 00:00 0 
7f0498000000-7f04982a4000 rw-p 00000000 00:00 0 
7f04982a4000-7f049c000000 ---p 00000000 00:00 0 
7f049c000000-7f049c021000 rw-p 00000000 00:00 0 
7f049c021000-7f04a0000000 ---p 00000000 00:00 0 
7f04a0000000-7f04a0021000 rw-p 00000000 00:00 0 
7f04a0021000-7f04a4000000 ---p 00000000 00:00 0 
7f04a4000000-7f04a495e000 rw-p 00000000 00:00 0 
7f04a495e000-7f04a8000000 ---p 00000000 00:00 0 
7f04a8000000-7f04a8f23000 rw-p 00000000 00:00 0 
7f04a8f23000-7f04ac000000 ---p 00000000 00:00 0 
7f04ac000000-7f04ac021000 rw-p 00000000 00:00 0 
7f04ac021000-7f04b0000000 ---p 00000000 00:00 0 
7f04b0000000-7f04b0a32000 rw-p 00000000 00:00 0 
7f04b0a32000-7f04b4000000 ---p 00000000 00:00 0 
7f04b4000000-7f04b4021000 rw-p 00000000 00:00 0 
7f04b4021000-7f04b8000000 ---p 00000000 00:00 0 
7f04b8000000-7f04b8021000 rw-p 00000000 00:00 0 
7f04b8021000-7f04bc000000 ---p 00000000 00:00 0 
7f04bc000000-7f04bc021000 rw-p 00000000 00:00 0 
7f04bc021000-7f04c0000000 ---p 00000000 00:00 0 
7f04c0000000-7f04c0021000 rw-p 00000000 00:00 0 
7f04c0021000-7f04c4000000 ---p 00000000 00:00 0 
7f04c4000000-7f04c4021000 rw-p 00000000 00:00 0 
7f04c4021000-7f04c8000000 ---p 00000000 00:00 0 
7f04c8000000-7f04c8021000 rw-p 00000000 00:00 0 
7f04c8021000-7f04cc000000 ---p 00000000 00:00 0 
7f04cc000000-7f04cc021000 rw-p 00000000 00:00 0 
7f04cc021000-7f04d0000000 ---p 00000000 00:00 0 
7f04d0abd000-7f04d0ac0000 ---p 00000000 00:00 0 
7f04d0ac0000-7f04d0bbe000 rw-p 00000000 00:00 0 
7f04d0bbe000-7f04d0bc1000 ---p 00000000 00:00 0 
7f04d0bc1000-7f04d0cbf000 rw-p 00000000 00:00 0 
7f04d0cbf000-7f04d0cc2000 ---p 00000000 00:00 0 
7f04d0cc2000-7f04d0dc0000 rw-p 00000000 00:00 0 
7f04d0dc0000-7f04d0dc3000 ---p 00000000 00:00 0 
7f04d0dc3000-7f04d0ec1000 rw-p 00000000 00:00 0 
7f04d0ec1000-7f04d0ec4000 ---p 00000000 00:00 0 
7f04d0ec4000-7f04d0fc2000 rw-p 00000000 00:00 0 
7f04d0fc7000-7f04d0fc8000 ---p 00000000 00:00 0 
7f04d0fc8000-7f04d10c8000 rw-p 00000000 00:00 0 
7f04d10c8000-7f04d10cb000 ---p 00000000 00:00 0 
7f04d10cb000-7f04d11c9000 rw-p 00000000 00:00 0 
7f04d11c9000-7f04d11cc000 ---p 00000000 00:00 0 
7f04d11cc000-7f04d12ca000 rw-p 00000000 00:00 0 
7f04d12ca000-7f04d12cd000 ---p 00000000 00:00 0 
7f04d12cd000-7f04d13cb000 rw-p 00000000 00:00 0 
7f04d13cb000-7f04d13ce000 ---p 00000000 00:00 0 
7f04d13ce000-7f04d14cc000 rw-p 00000000 00:00 0 
7f04d14cc000-7f04d14cf000 ---p 00000000 00:00 0 
7f04d14cf000-7f04d15cd000 rw-p 00000000 00:00 0 
7f04d15cd000-7f04d1f8d000 r--p 00000000 08:06 2628587                    /usr/lib/locale/locale-archive
7f04d1f8d000-7f04d1f90000 ---p 00000000 00:00 0 
7f04d1f90000-7f04d208e000 rw-p 00000000 00:00 0 
7f04d208e000-7f04d2091000 ---p 00000000 00:00 0 
7f04d2091000-7f04d218f000 rw-p 00000000 00:00 0 
7f04d218f000-7f04d2190000 ---p 00000000 00:00 0 
7f04d2190000-7f04d5000000 rw-p 00000000 00:00 0 
7f04d5000000-7f04d5680000 rwxp 00000000 00:00 0 
7f04d5680000-7f04e4000000 ---p 00000000 00:00 0 
7f04e4000000-7f04e4393000 rw-p 00000000 00:00 0 
7f04e4393000-7f04e8000000 ---p 00000000 00:00 0 
7f04e8001000-7f04e800f000 r--s 000e0000 08:06 9570111                    /home/nur/Android/Sdk/build-tools/24.0.2/lib/dx.jar
7f04e800f000-7f04e8253000 rw-p 00000000 00:00 0 
7f04e8253000-7f04e842c000 r--s 03d29000 08:06 5119781                    /usr/lib/jvm/java-8-oracle/jre/lib/rt.jar
7f04e842c000-7f04e8b22000 rw-p 00000000 00:00 0 
7f04e8b22000-7f04e8ca2000 ---p 00000000 00:00 0 
7f04e8ca2000-7f04e8ea2000 rw-p 00000000 00:00 0 
7f04e8ea2000-7f04e8ea3000 ---p 00000000 00:00 0 
7f04e8ea3000-7f04e8fa3000 rw-p 00000000 00:00 0 
7f04e8fa3000-7f04e8fa4000 ---p 00000000 00:00 0 
7f04e8fa4000-7f04e90a4000 rw-p 00000000 00:00 0 
7f04e90a4000-7f04e90a5000 ---p 00000000 00:00 0 
7f04e90a5000-7f04e91a5000 rw-p 00000000 00:00 0 
7f04e91a5000-7f04e91a6000 ---p 00000000 00:00 0 
7f04e91a6000-7f04e92c5000 rw-p 00000000 00:00 0 
7f04e92c5000-7f04e93fc000 ---p 00000000 00:00 0 
7f04e93fc000-7f04e941b000 rw-p 00000000 00:00 0 
7f04e941b000-7f04e9551000 ---p 00000000 00:00 0 
7f04e9551000-7f04e9584000 rw-p 00000000 00:00 0 
7f04e9584000-7f04e95fc000 ---p 00000000 00:00 0 
7f04e95fc000-7f04e9617000 rw-p 00000000 00:00 0 
7f04e9617000-7f04e99bd000 ---p 00000000 00:00 0 
7f04e99bd000-7f04e99d7000 r-xp 00000000 08:06 7213491                    /usr/lib/jvm/java-8-oracle/jre/lib/amd64/libzip.so
7f04e99d7000-7f04e9bd7000 ---p 0001a000 08:06 7213491                    /usr/lib/jvm/java-8-oracle/jre/lib/amd64/libzip.so
7f04e9bd7000-7f04e9bd8000 rw-p 0001a000 08:06 7213491                    /usr/lib/jvm/java-8-oracle/jre/lib/amd64/libzip.so
7f04e9bd8000-7f04e9be3000 r-xp 00000000 08:06 791069                     /lib/x86_64-linux-gnu/libnss_files-2.23.so
7f04e9be3000-7f04e9de2000 ---p 0000b000 08:06 791069                     /lib/x86_64-linux-gnu/libnss_files-2.23.so
7f04e9de2000-7f04e9de3000 r--p 0000a000 08:06 791069                     /lib/x86_64-linux-gnu/libnss_files-2.23.so
7f04e9de3000-7f04e9de4000 rw-p 0000b000 08:06 791069                     /lib/x86_64-linux-gnu/libnss_files-2.23.so
7f04e9de4000-7f04e9dea000 rw-p 00000000 00:00 0 
7f04e9dea000-7f04e9df5000 r-xp 00000000 08:06 791079                     /lib/x86_64-linux-gnu/libnss_nis-2.23.so
7f04e9df5000-7f04e9ff4000 ---p 0000b000 08:06 791079                     /lib/x86_64-linux-gnu/libnss_nis-2.23.so
7f04e9ff4000-7f04e9ff5000 r--p 0000a000 08:06 791079                     /lib/x86_64-linux-gnu/libnss_nis-2.23.so
7f04e9ff5000-7f04e9ff6000 rw-p 0000b000 08:06 791079                     /lib/x86_64-linux-gnu/libnss_nis-2.23.so
7f04e9ff6000-7f04ea00c000 r-xp 00000000 08:06 791063                     /lib/x86_64-linux-gnu/libnsl-2.23.so
7f04ea00c000-7f04ea20b000 ---p 00016000 08:06 791063                     /lib/x86_64-linux-gnu/libnsl-2.23.so
7f04ea20b000-7f04ea20c000 r--p 00015000 08:06 791063                     /lib/x86_64-linux-gnu/libnsl-2.23.so
7f04ea20c000-7f04ea20d000 rw-p 00016000 08:06 791063                     /lib/x86_64-linux-gnu/libnsl-2.23.so
7f04ea20d000-7f04ea20f000 rw-p 00000000 00:00 0 
7f04ea20f000-7f04ea217000 r-xp 00000000 08:06 791065                     /lib/x86_64-linux-gnu/libnss_compat-2.23.so
7f04ea217000-7f04ea416000 ---p 00008000 08:06 791065                     /lib/x86_64-linux-gnu/libnss_compat-2.23.so
7f04ea416000-7f04ea417000 r--p 00007000 08:06 791065                     /lib/x86_64-linux-gnu/libnss_compat-2.23.so
7f04ea417000-7f04ea418000 rw-p 00008000 08:06 791065                     /lib/x86_64-linux-gnu/libnss_compat-2.23.so
7f04ea418000-7f04ea442000 r-xp 00000000 08:06 7213517                    /usr/lib/jvm/java-8-oracle/jre/lib/amd64/libjava.so
7f04ea442000-7f04ea642000 ---p 0002a000 08:06 7213517                    /usr/lib/jvm/java-8-oracle/jre/lib/amd64/libjava.so
7f04ea642000-7f04ea644000 rw-p 0002a000 08:06 7213517                    /usr/lib/jvm/java-8-oracle/jre/lib/amd64/libjava.so
7f04ea644000-7f04ea651000 r-xp 00000000 08:06 7213471                    /usr/lib/jvm/java-8-oracle/jre/lib/amd64/libverify.so
7f04ea651000-7f04ea851000 ---p 0000d000 08:06 7213471                    /usr/lib/jvm/java-8-oracle/jre/lib/amd64/libverify.so
7f04ea851000-7f04ea853000 rw-p 0000d000 08:06 7213471                    /usr/lib/jvm/java-8-oracle/jre/lib/amd64/libverify.so
7f04ea853000-7f04ea85a000 r-xp 00000000 08:06 791124                     /lib/x86_64-linux-gnu/librt-2.23.so
7f04ea85a000-7f04eaa59000 ---p 00007000 08:06 791124                     /lib/x86_64-linux-gnu/librt-2.23.so
7f04eaa59000-7f04eaa5a000 r--p 00006000 08:06 791124                     /lib/x86_64-linux-gnu/librt-2.23.so
7f04eaa5a000-7f04eaa5b000 rw-p 00007000 08:06 791124                     /lib/x86_64-linux-gnu/librt-2.23.so
7f04eaa5b000-7f04eab63000 r-xp 00000000 08:06 791040                     /lib/x86_64-linux-gnu/libm-2.23.so
7f04eab63000-7f04ead62000 ---p 00108000 08:06 791040                     /lib/x86_64-linux-gnu/libm-2.23.so
7f04ead62000-7f04ead63000 r--p 00107000 08:06 791040                     /lib/x86_64-linux-gnu/libm-2.23.so
7f04ead63000-7f04ead64000 rw-p 00108000 08:06 791040                     /lib/x86_64-linux-gnu/libm-2.23.so
7f04ead64000-7f04eba2f000 r-xp 00000000 08:06 7344163                    /usr/lib/jvm/java-8-oracle/jre/lib/amd64/server/libjvm.so
7f04eba2f000-7f04ebc2e000 ---p 00ccb000 08:06 7344163                    /usr/lib/jvm/java-8-oracle/jre/lib/amd64/server/libjvm.so
7f04ebc2e000-7f04ebd07000 rw-p 00cca000 08:06 7344163                    /usr/lib/jvm/java-8-oracle/jre/lib/amd64/server/libjvm.so
7f04ebd07000-7f04ebd52000 rw-p 00000000 00:00 0 
7f04ebd52000-7f04ebf12000 r-xp 00000000 08:06 790970                     /lib/x86_64-linux-gnu/libc-2.23.so
7f04ebf12000-7f04ec111000 ---p 001c0000 08:06 790970                     /lib/x86_64-linux-gnu/libc-2.23.so
7f04ec111000-7f04ec115000 r--p 001bf000 08:06 790970                     /lib/x86_64-linux-gnu/libc-2.23.so
7f04ec115000-7f04ec117000 rw-p 001c3000 08:06 790970                     /lib/x86_64-linux-gnu/libc-2.23.so
7f04ec117000-7f04ec11b000 rw-p 00000000 00:00 0 
7f04ec11b000-7f04ec11e000 r-xp 00000000 08:06 790994                     /lib/x86_64-linux-gnu/libdl-2.23.so
7f04ec11e000-7f04ec31d000 ---p 00003000 08:06 790994                     /lib/x86_64-linux-gnu/libdl-2.23.so
7f04ec31d000-7f04ec31e000 r--p 00002000 08:06 790994                     /lib/x86_64-linux-gnu/libdl-2.23.so
7f04ec31e000-7f04ec31f000 rw-p 00003000 08:06 790994                     /lib/x86_64-linux-gnu/libdl-2.23.so
7f04ec31f000-7f04ec334000 r-xp 00000000 08:06 9183342                    /usr/lib/jvm/java-8-oracle/lib/amd64/jli/libjli.so
7f04ec334000-7f04ec534000 ---p 00015000 08:06 9183342                    /usr/lib/jvm/java-8-oracle/lib/amd64/jli/libjli.so
7f04ec534000-7f04ec535000 rw-p 00015000 08:06 9183342                    /usr/lib/jvm/java-8-oracle/lib/amd64/jli/libjli.so
7f04ec535000-7f04ec54d000 r-xp 00000000 08:06 791116                     /lib/x86_64-linux-gnu/libpthread-2.23.so
7f04ec54d000-7f04ec74c000 ---p 00018000 08:06 791116                     /lib/x86_64-linux-gnu/libpthread-2.23.so
7f04ec74c000-7f04ec74d000 r--p 00017000 08:06 791116                     /lib/x86_64-linux-gnu/libpthread-2.23.so
7f04ec74d000-7f04ec74e000 rw-p 00018000 08:06 791116                     /lib/x86_64-linux-gnu/libpthread-2.23.so
7f04ec74e000-7f04ec752000 rw-p 00000000 00:00 0 
7f04ec752000-7f04ec778000 r-xp 00000000 08:06 790942                     /lib/x86_64-linux-gnu/ld-2.23.so
7f04ec77c000-7f04ec84e000 rw-p 00000000 00:00 0 
7f04ec84e000-7f04ec851000 ---p 00000000 00:00 0 
7f04ec851000-7f04ec953000 rw-p 00000000 00:00 0 
7f04ec957000-7f04ec96b000 rw-p 00000000 00:00 0 
7f04ec96b000-7f04ec973000 rw-s 00000000 08:06 5647863                    /tmp/hsperfdata_nur/10529
7f04ec973000-7f04ec974000 rw-p 00000000 00:00 0 
7f04ec974000-7f04ec975000 r--p 00000000 00:00 0 
7f04ec975000-7f04ec977000 rw-p 00000000 00:00 0 
7f04ec977000-7f04ec978000 r--p 00025000 08:06 790942                     /lib/x86_64-linux-gnu/ld-2.23.so
7f04ec978000-7f04ec979000 rw-p 00026000 08:06 790942                     /lib/x86_64-linux-gnu/ld-2.23.so
7f04ec979000-7f04ec97a000 rw-p 00000000 00:00 0 
7ffd4b5de000-7ffd4b600000 rw-p 00000000 00:00 0                          [stack]
7ffd4b684000-7ffd4b686000 r--p 00000000 00:00 0                          [vvar]
7ffd4b686000-7ffd4b688000 r-xp 00000000 00:00 0                          [vdso]
ffffffffff600000-ffffffffff601000 r-xp 00000000 00:00 0                  [vsyscall]

VM Arguments:
jvm_args: -Djava.awt.headless=true -Xmx1024M -Dfile.encoding=UTF-8 -Duser.country=US -Duser.language=en -Duser.variant 
java_command: com.android.dx.command.Main --dex --force-jumbo --num-threads=4 --multi-dex --output /home/nur/AndroidStudioProjects/Task3/app/build/intermediates/transforms/dex/debug/folders/1000/10/okhttp-3.3.0_04895df05db554d4e0bb89cd21e31b79bf865f46 /home/nur/.gradle/caches/modules-2/files-2.1/com.squareup.okhttp3/okhttp/3.3.0/2b802460eea20f8f2ad9c08c74e0f14718e88aa9/okhttp-3.3.0.jar
java_class_path (initial): /home/nur/Android/Sdk/build-tools/24.0.2/lib/dx.jar
Launcher Type: SUN_STANDARD

Environment Variables:
PATH=/usr/local/heroku/bin:/usr/local/sbin:/usr/local/bin:/usr/sbin:/usr/bin:/sbin:/bin:/usr/games:/usr/local/games:/snap/bin
LD_LIBRARY_PATH=/home/nur/android-studio/bin:
SHELL=/bin/bash
DISPLAY=:0

Signal Handlers:
SIGSEGV: [libjvm.so+0xac4790], sa_mask[0]=11111111011111111101111111111110, sa_flags=SA_RESTART|SA_SIGINFO
SIGBUS: [libjvm.so+0xac4790], sa_mask[0]=11111111011111111101111111111110, sa_flags=SA_RESTART|SA_SIGINFO
SIGFPE: [libjvm.so+0x91f140], sa_mask[0]=11111111011111111101111111111110, sa_flags=SA_RESTART|SA_SIGINFO
SIGPIPE: [libjvm.so+0x91f140], sa_mask[0]=11111111011111111101111111111110, sa_flags=SA_RESTART|SA_SIGINFO
SIGXFSZ: [libjvm.so+0x91f140], sa_mask[0]=11111111011111111101111111111110, sa_flags=SA_RESTART|SA_SIGINFO
SIGILL: [libjvm.so+0x91f140], sa_mask[0]=11111111011111111101111111111110, sa_flags=SA_RESTART|SA_SIGINFO
SIGUSR1: SIG_DFL, sa_mask[0]=00000000000000000000000000000000, sa_flags=none
SIGUSR2: [libjvm.so+0x920770], sa_mask[0]=00100000000000000000000000000000, sa_flags=SA_RESTART|SA_SIGINFO
SIGHUP: [libjvm.so+0x921b70], sa_mask[0]=11111111011111111101111111111110, sa_flags=SA_RESTART|SA_SIGINFO
SIGINT: [libjvm.so+0x921b70], sa_mask[0]=11111111011111111101111111111110, sa_flags=SA_RESTART|SA_SIGINFO
SIGTERM: [libjvm.so+0x921b70], sa_mask[0]=11111111011111111101111111111110, sa_flags=SA_RESTART|SA_SIGINFO
SIGQUIT: [libjvm.so+0x921b70], sa_mask[0]=11111111011111111101111111111110, sa_flags=SA_RESTART|SA_SIGINFO


---------------  S Y S T E M  ---------------

OS:DISTRIB_ID=Ubuntu
DISTRIB_RELEASE=16.04
DISTRIB_CODENAME=xenial
DISTRIB_DESCRIPTION="Ubuntu 16.04.1 LTS"

uname:Linux 4.4.0-38-generic #57-Ubuntu SMP Tue Sep 6 15:42:33 UTC 2016 x86_64
libc:glibc 2.23 NPTL 2.23 
rlimit: STACK 8192k, CORE 0k, NPROC 22972, NOFILE 65536, AS infinity
load average:8,77 2,54 1,17

/proc/meminfo:
MemTotal:        5918860 kB
MemFree:          723220 kB
MemAvailable:    1856172 kB
Buffers:          149020 kB
Cached:          1158496 kB
SwapCached:            0 kB
Active:          3298156 kB
Inactive:        1571188 kB
Active(anon):    2663512 kB
Inactive(anon):   934368 kB
Active(file):     634644 kB
Inactive(file):   636820 kB
Unevictable:          32 kB
Mlocked:              32 kB
SwapTotal:       1953788 kB
SwapFree:        1949836 kB
Dirty:              5748 kB
Writeback:             8 kB
AnonPages:       3562124 kB
Mapped:           357244 kB
Shmem:             36132 kB
Slab:             186028 kB
SReclaimable:     146576 kB
SUnreclaim:        39452 kB
KernelStack:       11632 kB
PageTables:        38488 kB
NFS_Unstable:          0 kB
Bounce:                0 kB
WritebackTmp:          0 kB
CommitLimit:     4913216 kB
Committed_AS:    7216804 kB
VmallocTotal:   34359738367 kB
VmallocUsed:           0 kB
VmallocChunk:          0 kB
HardwareCorrupted:     0 kB
AnonHugePages:   2312192 kB
CmaTotal:              0 kB
CmaFree:               0 kB
HugePages_Total:       0
HugePages_Free:        0
HugePages_Rsvd:        0
HugePages_Surp:        0
Hugepagesize:       2048 kB
DirectMap4k:      212560 kB
DirectMap2M:     5885952 kB


CPU:total 4 (2 cores per cpu, 2 threads per core) family 6 model 42 stepping 7, cmov, cx8, fxsr, mmx, sse, sse2, sse3, ssse3, sse4.1, sse4.2, popcnt, avx, aes, clmul, ht, tsc, tscinvbit

/proc/cpuinfo:
processor	: 0
vendor_id	: GenuineIntel
cpu family	: 6
model		: 42
model name	: Intel(R) Core(TM) i5-2450M CPU @ 2.50GHz
stepping	: 7
microcode	: 0x23
cpu MHz		: 2500.000
cache size	: 3072 KB
physical id	: 0
siblings	: 4
core id		: 0
cpu cores	: 2
apicid		: 0
initial apicid	: 0
fpu		: yes
fpu_exception	: yes
cpuid level	: 13
wp		: yes
flags		: fpu vme de pse tsc msr pae mce cx8 apic sep mtrr pge mca cmov pat pse36 clflush dts acpi mmx fxsr sse sse2 ss ht tm pbe syscall nx rdtscp lm constant_tsc arch_perfmon pebs bts nopl xtopology nonstop_tsc aperfmperf eagerfpu pni pclmulqdq dtes64 monitor ds_cpl vmx est tm2 ssse3 cx16 xtpr pdcm pcid sse4_1 sse4_2 x2apic popcnt tsc_deadline_timer aes xsave avx lahf_lm epb tpr_shadow vnmi flexpriority ept vpid xsaveopt dtherm ida arat pln pts
bugs		:
bogomips	: 4988.68
clflush size	: 64
cache_alignment	: 64
address sizes	: 36 bits physical, 48 bits virtual
power management:

processor	: 1
vendor_id	: GenuineIntel
cpu family	: 6
model		: 42
model name	: Intel(R) Core(TM) i5-2450M CPU @ 2.50GHz
stepping	: 7
microcode	: 0x23
cpu MHz		: 2500.000
cache size	: 3072 KB
physical id	: 0
siblings	: 4
core id		: 0
cpu cores	: 2
apicid		: 1
initial apicid	: 1
fpu		: yes
fpu_exception	: yes
cpuid level	: 13
wp		: yes
flags		: fpu vme de pse tsc msr pae mce cx8 apic sep mtrr pge mca cmov pat pse36 clflush dts acpi mmx fxsr sse sse2 ss ht tm pbe syscall nx rdtscp lm constant_tsc arch_perfmon pebs bts nopl xtopology nonstop_tsc aperfmperf eagerfpu pni pclmulqdq dtes64 monitor ds_cpl vmx est tm2 ssse3 cx16 xtpr pdcm pcid sse4_1 sse4_2 x2apic popcnt tsc_deadline_timer aes xsave avx lahf_lm epb tpr_shadow vnmi flexpriority ept vpid xsaveopt dtherm arat pln pts
bugs		:
bogomips	: 4988.68
clflush size	: 64
cache_alignment	: 64
address sizes	: 36 bits physical, 48 bits virtual
power management:

processor	: 2
vendor_id	: GenuineIntel
cpu family	: 6
model		: 42
model name	: Intel(R) Core(TM) i5-2450M CPU @ 2.50GHz
stepping	: 7
microcode	: 0x23
cpu MHz		: 2499.902
cache size	: 3072 KB
physical id	: 0
siblings	: 4
core id		: 1
cpu cores	: 2
apicid		: 2
initial apicid	: 2
fpu		: yes
fpu_exception	: yes
cpuid level	: 13
wp		: yes
flags		: fpu vme de pse tsc msr pae mce cx8 apic sep mtrr pge mca cmov pat pse36 clflush dts acpi mmx fxsr sse sse2 ss ht tm pbe syscall nx rdtscp lm constant_tsc arch_perfmon pebs bts nopl xtopology nonstop_tsc aperfmperf eagerfpu pni pclmulqdq dtes64 monitor ds_cpl vmx est tm2 ssse3 cx16 xtpr pdcm pcid sse4_1 sse4_2 x2apic popcnt tsc_deadline_timer aes xsave avx lahf_lm epb tpr_shadow vnmi flexpriority ept vpid xsaveopt dtherm arat pln pts
bugs		:
bogomips	: 4988.68
clflush size	: 64
cache_alignment	: 64
address sizes	: 36 bits physical, 48 bits virtual
power management:

processor	: 3
vendor_id	: GenuineIntel
cpu family	: 6
model		: 42
model name	: Intel(R) Core(TM) i5-2450M CPU @ 2.50GHz
stepping	: 7
microcode	: 0x23
cpu MHz		: 2500.000
cache size	: 3072 KB
physical id	: 0
siblings	: 4
core id		: 1
cpu cores	: 2
apicid		: 3
initial apicid	: 3
fpu		: yes
fpu_exception	: yes
cpuid level	: 13
wp		: yes
flags		: fpu vme de pse tsc msr pae mce cx8 apic sep mtrr pge mca cmov pat pse36 clflush dts acpi mmx fxsr sse sse2 ss ht tm pbe syscall nx rdtscp lm constant_tsc arch_perfmon pebs bts nopl xtopology nonstop_tsc aperfmperf eagerfpu pni pclmulqdq dtes64 monitor ds_cpl vmx est tm2 ssse3 cx16 xtpr pdcm pcid sse4_1 sse4_2 x2apic popcnt tsc_deadline_timer aes xsave avx lahf_lm epb tpr_shadow vnmi flexpriority ept vpid xsaveopt dtherm arat pln pts
bugs		:
bogomips	: 4988.68
clflush size	: 64
cache_alignment	: 64
address sizes	: 36 bits physical, 48 bits virtual
power management:



Memory: 4k page, physical 5918860k(723220k free), swap 1953788k(1949836k free)

vm_info: Java HotSpot(TM) 64-Bit Server VM (25.101-b13) for linux-amd64 JRE (1.8.0_101-b13), built on Jun 22 2016 02:59:44 by "java_re" with gcc 4.3.0 20080428 (Red Hat 4.3.0-8)

time: Fri Sep 23 11:33:25 2016
elapsed time: 7 seconds (0d 0h 0m 7s)

